{"C:\\Users\\Mate\\Desktop\\UPI_Projekt-2\\server.js": {"path":"C:\\Users\\Mate\\Desktop\\UPI_Projekt-2\\server.js","statementMap":{"0":{"start":{"line":1,"column":16},"end":{"line":1,"column":34}},"1":{"start":{"line":2,"column":17},"end":{"line":2,"column":36}},"2":{"start":{"line":3,"column":19},"end":{"line":3,"column":41}},"3":{"start":{"line":4,"column":13},"end":{"line":4,"column":28}},"4":{"start":{"line":5,"column":12},"end":{"line":5,"column":35}},"5":{"start":{"line":6,"column":15},"end":{"line":6,"column":32}},"6":{"start":{"line":7,"column":0},"end":{"line":7,"column":27}},"7":{"start":{"line":8,"column":14},"end":{"line":8,"column":39}},"8":{"start":{"line":10,"column":0},"end":{"line":10,"column":16}},"9":{"start":{"line":11,"column":12},"end":{"line":11,"column":21}},"10":{"start":{"line":12,"column":0},"end":{"line":12,"column":24}},"11":{"start":{"line":13,"column":0},"end":{"line":13,"column":16}},"12":{"start":{"line":14,"column":0},"end":{"line":14,"column":27}},"13":{"start":{"line":15,"column":0},"end":{"line":15,"column":51}},"14":{"start":{"line":20,"column":0},"end":{"line":28,"column":3}},"15":{"start":{"line":22,"column":2},"end":{"line":22,"column":53}},"16":{"start":{"line":24,"column":2},"end":{"line":24,"column":30}},"17":{"start":{"line":27,"column":2},"end":{"line":27,"column":70}},"18":{"start":{"line":32,"column":19},"end":{"line":40,"column":2}},"19":{"start":{"line":42,"column":13},"end":{"line":42,"column":47}},"20":{"start":{"line":43,"column":0},"end":{"line":43,"column":22}},"21":{"start":{"line":47,"column":22},"end":{"line":81,"column":1}},"22":{"start":{"line":48,"column":24},"end":{"line":48,"column":52}},"23":{"start":{"line":50,"column":2},"end":{"line":53,"column":3}},"24":{"start":{"line":51,"column":4},"end":{"line":51,"column":60}},"25":{"start":{"line":52,"column":4},"end":{"line":52,"column":67}},"26":{"start":{"line":55,"column":16},"end":{"line":55,"column":43}},"27":{"start":{"line":57,"column":2},"end":{"line":60,"column":3}},"28":{"start":{"line":58,"column":4},"end":{"line":58,"column":51}},"29":{"start":{"line":59,"column":4},"end":{"line":59,"column":67}},"30":{"start":{"line":62,"column":2},"end":{"line":79,"column":3}},"31":{"start":{"line":63,"column":28},"end":{"line":63,"column":69}},"32":{"start":{"line":65,"column":17},"end":{"line":65,"column":75}},"33":{"start":{"line":67,"column":4},"end":{"line":69,"column":5}},"34":{"start":{"line":68,"column":6},"end":{"line":68,"column":74}},"35":{"start":{"line":71,"column":4},"end":{"line":71,"column":64}},"36":{"start":{"line":74,"column":4},"end":{"line":74,"column":63}},"37":{"start":{"line":75,"column":4},"end":{"line":75,"column":11}},"38":{"start":{"line":77,"column":4},"end":{"line":77,"column":54}},"39":{"start":{"line":78,"column":4},"end":{"line":78,"column":65}},"40":{"start":{"line":83,"column":0},"end":{"line":85,"column":3}},"41":{"start":{"line":84,"column":2},"end":{"line":84,"column":37}},"42":{"start":{"line":88,"column":16},"end":{"line":88,"column":43}},"43":{"start":{"line":91,"column":0},"end":{"line":107,"column":3}},"44":{"start":{"line":92,"column":2},"end":{"line":106,"column":3}},"45":{"start":{"line":93,"column":29},"end":{"line":93,"column":38}},"46":{"start":{"line":94,"column":17},"end":{"line":94,"column":34}},"47":{"start":{"line":97,"column":4},"end":{"line":101,"column":5}},"48":{"start":{"line":98,"column":6},"end":{"line":98,"column":64}},"49":{"start":{"line":100,"column":6},"end":{"line":100,"column":73}},"50":{"start":{"line":103,"column":4},"end":{"line":103,"column":23}},"51":{"start":{"line":105,"column":4},"end":{"line":105,"column":60}},"52":{"start":{"line":109,"column":0},"end":{"line":119,"column":3}},"53":{"start":{"line":110,"column":2},"end":{"line":112,"column":3}},"54":{"start":{"line":111,"column":4},"end":{"line":111,"column":89}},"55":{"start":{"line":114,"column":29},"end":{"line":114,"column":37}},"56":{"start":{"line":115,"column":2},"end":{"line":115,"column":41}},"57":{"start":{"line":116,"column":2},"end":{"line":116,"column":70}},"58":{"start":{"line":116,"column":45},"end":{"line":116,"column":66}},"59":{"start":{"line":118,"column":2},"end":{"line":118,"column":57}},"60":{"start":{"line":121,"column":0},"end":{"line":128,"column":3}},"61":{"start":{"line":122,"column":2},"end":{"line":124,"column":3}},"62":{"start":{"line":123,"column":4},"end":{"line":123,"column":87}},"63":{"start":{"line":126,"column":2},"end":{"line":126,"column":49}},"64":{"start":{"line":127,"column":2},"end":{"line":127,"column":55}},"65":{"start":{"line":130,"column":0},"end":{"line":149,"column":3}},"66":{"start":{"line":131,"column":23},"end":{"line":131,"column":33}},"67":{"start":{"line":133,"column":2},"end":{"line":148,"column":3}},"68":{"start":{"line":135,"column":21},"end":{"line":135,"column":53}},"69":{"start":{"line":137,"column":4},"end":{"line":139,"column":5}},"70":{"start":{"line":138,"column":6},"end":{"line":138,"column":41}},"71":{"start":{"line":142,"column":23},"end":{"line":142,"column":83}},"72":{"start":{"line":142,"column":55},"end":{"line":142,"column":79}},"73":{"start":{"line":144,"column":4},"end":{"line":144,"column":29}},"74":{"start":{"line":146,"column":4},"end":{"line":146,"column":64}},"75":{"start":{"line":147,"column":4},"end":{"line":147,"column":60}},"76":{"start":{"line":151,"column":0},"end":{"line":180,"column":3}},"77":{"start":{"line":152,"column":2},"end":{"line":179,"column":3}},"78":{"start":{"line":153,"column":62},"end":{"line":153,"column":70}},"79":{"start":{"line":156,"column":25},"end":{"line":156,"column":57}},"80":{"start":{"line":157,"column":4},"end":{"line":159,"column":5}},"81":{"start":{"line":158,"column":6},"end":{"line":158,"column":86}},"82":{"start":{"line":162,"column":21},"end":{"line":162,"column":38}},"83":{"start":{"line":165,"column":17},"end":{"line":171,"column":6}},"84":{"start":{"line":173,"column":4},"end":{"line":173,"column":22}},"85":{"start":{"line":174,"column":4},"end":{"line":174,"column":52}},"86":{"start":{"line":177,"column":4},"end":{"line":177,"column":55}},"87":{"start":{"line":178,"column":4},"end":{"line":178,"column":60}},"88":{"start":{"line":182,"column":0},"end":{"line":211,"column":3}},"89":{"start":{"line":183,"column":33},"end":{"line":183,"column":41}},"90":{"start":{"line":185,"column":2},"end":{"line":210,"column":3}},"91":{"start":{"line":187,"column":17},"end":{"line":187,"column":49}},"92":{"start":{"line":189,"column":4},"end":{"line":191,"column":5}},"93":{"start":{"line":190,"column":6},"end":{"line":190,"column":81}},"94":{"start":{"line":194,"column":4},"end":{"line":196,"column":5}},"95":{"start":{"line":195,"column":6},"end":{"line":195,"column":71}},"96":{"start":{"line":199,"column":18},"end":{"line":203,"column":5}},"97":{"start":{"line":205,"column":4},"end":{"line":205,"column":56}},"98":{"start":{"line":208,"column":4},"end":{"line":208,"column":49}},"99":{"start":{"line":209,"column":4},"end":{"line":209,"column":61}},"100":{"start":{"line":214,"column":0},"end":{"line":217,"column":3}},"101":{"start":{"line":216,"column":2},"end":{"line":216,"column":43}},"102":{"start":{"line":218,"column":0},"end":{"line":246,"column":3}},"103":{"start":{"line":219,"column":2},"end":{"line":245,"column":3}},"104":{"start":{"line":220,"column":45},"end":{"line":220,"column":53}},"105":{"start":{"line":223,"column":40},"end":{"line":223,"column":59}},"106":{"start":{"line":224,"column":21},"end":{"line":224,"column":42}},"107":{"start":{"line":227,"column":17},"end":{"line":227,"column":72}},"108":{"start":{"line":229,"column":4},"end":{"line":231,"column":5}},"109":{"start":{"line":230,"column":6},"end":{"line":230,"column":74}},"110":{"start":{"line":234,"column":4},"end":{"line":234,"column":31}},"111":{"start":{"line":235,"column":4},"end":{"line":235,"column":29}},"112":{"start":{"line":236,"column":4},"end":{"line":236,"column":29}},"113":{"start":{"line":237,"column":4},"end":{"line":237,"column":29}},"114":{"start":{"line":239,"column":4},"end":{"line":239,"column":22}},"115":{"start":{"line":240,"column":4},"end":{"line":240,"column":55}},"116":{"start":{"line":243,"column":4},"end":{"line":243,"column":61}},"117":{"start":{"line":244,"column":4},"end":{"line":244,"column":64}},"118":{"start":{"line":248,"column":15},"end":{"line":248,"column":32}},"119":{"start":{"line":251,"column":16},"end":{"line":260,"column":2}},"120":{"start":{"line":254,"column":4},"end":{"line":256,"column":5}},"121":{"start":{"line":255,"column":6},"end":{"line":255,"column":65}},"122":{"start":{"line":257,"column":21},"end":{"line":257,"column":76}},"123":{"start":{"line":258,"column":4},"end":{"line":258,"column":70}},"124":{"start":{"line":262,"column":15},"end":{"line":262,"column":43}},"125":{"start":{"line":264,"column":0},"end":{"line":289,"column":3}},"126":{"start":{"line":265,"column":2},"end":{"line":288,"column":3}},"127":{"start":{"line":266,"column":21},"end":{"line":266,"column":42}},"128":{"start":{"line":268,"column":23},"end":{"line":268,"column":25}},"129":{"start":{"line":269,"column":4},"end":{"line":271,"column":5}},"130":{"start":{"line":270,"column":6},"end":{"line":270,"column":50}},"131":{"start":{"line":273,"column":24},"end":{"line":277,"column":5}},"132":{"start":{"line":279,"column":4},"end":{"line":281,"column":5}},"133":{"start":{"line":280,"column":6},"end":{"line":280,"column":74}},"134":{"start":{"line":283,"column":4},"end":{"line":283,"column":95}},"135":{"start":{"line":286,"column":4},"end":{"line":286,"column":61}},"136":{"start":{"line":287,"column":4},"end":{"line":287,"column":72}},"137":{"start":{"line":293,"column":0},"end":{"line":293,"column":47}},"138":{"start":{"line":298,"column":0},"end":{"line":321,"column":3}},"139":{"start":{"line":299,"column":2},"end":{"line":320,"column":3}},"140":{"start":{"line":300,"column":21},"end":{"line":315,"column":5}},"141":{"start":{"line":316,"column":4},"end":{"line":316,"column":35}},"142":{"start":{"line":318,"column":4},"end":{"line":318,"column":25}},"143":{"start":{"line":319,"column":4},"end":{"line":319,"column":60}},"144":{"start":{"line":325,"column":0},"end":{"line":327,"column":3}},"145":{"start":{"line":326,"column":2},"end":{"line":326,"column":56}},"146":{"start":{"line":330,"column":19},"end":{"line":330,"column":40}},"147":{"start":{"line":331,"column":15},"end":{"line":331,"column":32}},"148":{"start":{"line":334,"column":0},"end":{"line":373,"column":3}},"149":{"start":{"line":335,"column":20},"end":{"line":335,"column":28}},"150":{"start":{"line":337,"column":15},"end":{"line":337,"column":54}},"151":{"start":{"line":338,"column":2},"end":{"line":340,"column":3}},"152":{"start":{"line":339,"column":4},"end":{"line":339,"column":64}},"153":{"start":{"line":342,"column":21},"end":{"line":342,"column":59}},"154":{"start":{"line":343,"column":2},"end":{"line":343,"column":31}},"155":{"start":{"line":344,"column":2},"end":{"line":344,"column":48}},"156":{"start":{"line":345,"column":2},"end":{"line":345,"column":20}},"157":{"start":{"line":346,"column":2},"end":{"line":346,"column":53}},"158":{"start":{"line":348,"column":20},"end":{"line":348,"column":98}},"159":{"start":{"line":349,"column":2},"end":{"line":349,"column":50}},"160":{"start":{"line":351,"column":22},"end":{"line":357,"column":4}},"161":{"start":{"line":359,"column":22},"end":{"line":364,"column":3}},"162":{"start":{"line":366,"column":2},"end":{"line":372,"column":5}},"163":{"start":{"line":367,"column":4},"end":{"line":370,"column":5}},"164":{"start":{"line":368,"column":6},"end":{"line":368,"column":27}},"165":{"start":{"line":369,"column":6},"end":{"line":369,"column":72}},"166":{"start":{"line":371,"column":4},"end":{"line":371,"column":58}},"167":{"start":{"line":375,"column":18},"end":{"line":375,"column":38}},"168":{"start":{"line":377,"column":0},"end":{"line":422,"column":3}},"169":{"start":{"line":378,"column":50},"end":{"line":378,"column":58}},"170":{"start":{"line":380,"column":2},"end":{"line":380,"column":56}},"171":{"start":{"line":382,"column":2},"end":{"line":384,"column":3}},"172":{"start":{"line":383,"column":4},"end":{"line":383,"column":50}},"173":{"start":{"line":387,"column":2},"end":{"line":389,"column":3}},"174":{"start":{"line":388,"column":4},"end":{"line":388,"column":59}},"175":{"start":{"line":391,"column":2},"end":{"line":393,"column":3}},"176":{"start":{"line":392,"column":4},"end":{"line":392,"column":118}},"177":{"start":{"line":396,"column":2},"end":{"line":396,"column":56}},"178":{"start":{"line":397,"column":2},"end":{"line":397,"column":43}},"179":{"start":{"line":398,"column":2},"end":{"line":421,"column":3}},"180":{"start":{"line":400,"column":17},"end":{"line":403,"column":6}},"181":{"start":{"line":407,"column":4},"end":{"line":409,"column":5}},"182":{"start":{"line":408,"column":6},"end":{"line":408,"column":63}},"183":{"start":{"line":412,"column":4},"end":{"line":412,"column":32}},"184":{"start":{"line":413,"column":4},"end":{"line":413,"column":27}},"185":{"start":{"line":414,"column":4},"end":{"line":414,"column":32}},"186":{"start":{"line":415,"column":4},"end":{"line":415,"column":22}},"187":{"start":{"line":417,"column":4},"end":{"line":417,"column":63}},"188":{"start":{"line":419,"column":4},"end":{"line":419,"column":25}},"189":{"start":{"line":420,"column":4},"end":{"line":420,"column":76}},"190":{"start":{"line":424,"column":13},"end":{"line":424,"column":28}},"191":{"start":{"line":425,"column":0},"end":{"line":425,"column":71}},"192":{"start":{"line":427,"column":0},"end":{"line":438,"column":3}},"193":{"start":{"line":428,"column":20},"end":{"line":428,"column":29}},"194":{"start":{"line":429,"column":2},"end":{"line":429,"column":47}},"195":{"start":{"line":432,"column":2},"end":{"line":434,"column":3}},"196":{"start":{"line":433,"column":4},"end":{"line":433,"column":61}},"197":{"start":{"line":435,"column":2},"end":{"line":435,"column":81}},"198":{"start":{"line":442,"column":2},"end":{"line":444,"column":3}},"199":{"start":{"line":443,"column":4},"end":{"line":443,"column":78}},"200":{"start":{"line":445,"column":2},"end":{"line":445,"column":9}},"201":{"start":{"line":449,"column":21},"end":{"line":464,"column":1}},"202":{"start":{"line":467,"column":0},"end":{"line":481,"column":3}},"203":{"start":{"line":468,"column":32},"end":{"line":468,"column":42}},"204":{"start":{"line":470,"column":2},"end":{"line":472,"column":3}},"205":{"start":{"line":471,"column":4},"end":{"line":471,"column":88}},"206":{"start":{"line":473,"column":22},"end":{"line":473,"column":53}},"207":{"start":{"line":475,"column":2},"end":{"line":477,"column":3}},"208":{"start":{"line":476,"column":4},"end":{"line":476,"column":87}},"209":{"start":{"line":479,"column":2},"end":{"line":479,"column":24}},"210":{"start":{"line":485,"column":0},"end":{"line":495,"column":3}},"211":{"start":{"line":486,"column":22},"end":{"line":486,"column":32}},"212":{"start":{"line":487,"column":29},"end":{"line":487,"column":37}},"213":{"start":{"line":489,"column":2},"end":{"line":491,"column":3}},"214":{"start":{"line":490,"column":4},"end":{"line":490,"column":88}},"215":{"start":{"line":493,"column":2},"end":{"line":493,"column":41}},"216":{"start":{"line":494,"column":2},"end":{"line":494,"column":67}},"217":{"start":{"line":498,"column":0},"end":{"line":517,"column":3}},"218":{"start":{"line":499,"column":39},"end":{"line":499,"column":49}},"219":{"start":{"line":501,"column":2},"end":{"line":503,"column":3}},"220":{"start":{"line":502,"column":4},"end":{"line":502,"column":88}},"221":{"start":{"line":505,"column":22},"end":{"line":505,"column":53}},"222":{"start":{"line":506,"column":2},"end":{"line":508,"column":3}},"223":{"start":{"line":507,"column":4},"end":{"line":507,"column":87}},"224":{"start":{"line":509,"column":20},"end":{"line":509,"column":39}},"225":{"start":{"line":511,"column":2},"end":{"line":516,"column":3}},"226":{"start":{"line":512,"column":4},"end":{"line":512,"column":37}},"227":{"start":{"line":513,"column":4},"end":{"line":513,"column":74}},"228":{"start":{"line":515,"column":4},"end":{"line":515,"column":64}},"229":{"start":{"line":519,"column":0},"end":{"line":551,"column":3}},"230":{"start":{"line":520,"column":27},"end":{"line":520,"column":37}},"231":{"start":{"line":522,"column":2},"end":{"line":550,"column":3}},"232":{"start":{"line":523,"column":4},"end":{"line":523,"column":54}},"233":{"start":{"line":525,"column":19},"end":{"line":525,"column":53}},"234":{"start":{"line":526,"column":4},"end":{"line":526,"column":56}},"235":{"start":{"line":528,"column":4},"end":{"line":530,"column":5}},"236":{"start":{"line":529,"column":6},"end":{"line":529,"column":79}},"237":{"start":{"line":532,"column":26},"end":{"line":532,"column":28}},"238":{"start":{"line":534,"column":4},"end":{"line":542,"column":7}},"239":{"start":{"line":535,"column":6},"end":{"line":541,"column":7}},"240":{"start":{"line":536,"column":20},"end":{"line":536,"column":76}},"241":{"start":{"line":536,"column":59},"end":{"line":536,"column":72}},"242":{"start":{"line":537,"column":20},"end":{"line":537,"column":52}},"243":{"start":{"line":538,"column":8},"end":{"line":538,"column":61}},"244":{"start":{"line":540,"column":8},"end":{"line":540,"column":60}},"245":{"start":{"line":544,"column":4},"end":{"line":544,"column":53}},"246":{"start":{"line":546,"column":4},"end":{"line":546,"column":28}},"247":{"start":{"line":548,"column":4},"end":{"line":548,"column":69}},"248":{"start":{"line":549,"column":4},"end":{"line":549,"column":60}},"249":{"start":{"line":553,"column":0},"end":{"line":568,"column":3}},"250":{"start":{"line":554,"column":36},"end":{"line":554,"column":46}},"251":{"start":{"line":556,"column":2},"end":{"line":567,"column":3}},"252":{"start":{"line":557,"column":26},"end":{"line":557,"column":72}},"253":{"start":{"line":559,"column":4},"end":{"line":561,"column":5}},"254":{"start":{"line":560,"column":6},"end":{"line":560,"column":79}},"255":{"start":{"line":563,"column":4},"end":{"line":563,"column":35}},"256":{"start":{"line":565,"column":4},"end":{"line":565,"column":60}},"257":{"start":{"line":566,"column":4},"end":{"line":566,"column":60}},"258":{"start":{"line":570,"column":0},"end":{"line":603,"column":3}},"259":{"start":{"line":571,"column":36},"end":{"line":571,"column":46}},"260":{"start":{"line":572,"column":21},"end":{"line":572,"column":29}},"261":{"start":{"line":574,"column":2},"end":{"line":576,"column":3}},"262":{"start":{"line":575,"column":4},"end":{"line":575,"column":77}},"263":{"start":{"line":578,"column":2},"end":{"line":602,"column":3}},"264":{"start":{"line":579,"column":24},"end":{"line":579,"column":70}},"265":{"start":{"line":581,"column":4},"end":{"line":596,"column":5}},"266":{"start":{"line":583,"column":6},"end":{"line":587,"column":9}},"267":{"start":{"line":589,"column":6},"end":{"line":589,"column":33}},"268":{"start":{"line":590,"column":6},"end":{"line":590,"column":67}},"269":{"start":{"line":593,"column":6},"end":{"line":593,"column":36}},"270":{"start":{"line":594,"column":6},"end":{"line":594,"column":33}},"271":{"start":{"line":595,"column":6},"end":{"line":595,"column":57}},"272":{"start":{"line":598,"column":4},"end":{"line":598,"column":65}},"273":{"start":{"line":600,"column":4},"end":{"line":600,"column":59}},"274":{"start":{"line":601,"column":4},"end":{"line":601,"column":60}},"275":{"start":{"line":604,"column":0},"end":{"line":627,"column":3}},"276":{"start":{"line":605,"column":43},"end":{"line":605,"column":53}},"277":{"start":{"line":607,"column":2},"end":{"line":626,"column":3}},"278":{"start":{"line":608,"column":24},"end":{"line":608,"column":70}},"279":{"start":{"line":610,"column":4},"end":{"line":612,"column":5}},"280":{"start":{"line":611,"column":6},"end":{"line":611,"column":79}},"281":{"start":{"line":614,"column":22},"end":{"line":614,"column":41}},"282":{"start":{"line":616,"column":4},"end":{"line":622,"column":5}},"283":{"start":{"line":617,"column":6},"end":{"line":617,"column":48}},"284":{"start":{"line":618,"column":6},"end":{"line":618,"column":33}},"285":{"start":{"line":619,"column":6},"end":{"line":619,"column":57}},"286":{"start":{"line":621,"column":6},"end":{"line":621,"column":66}},"287":{"start":{"line":624,"column":4},"end":{"line":624,"column":58}},"288":{"start":{"line":625,"column":4},"end":{"line":625,"column":60}},"289":{"start":{"line":629,"column":0},"end":{"line":649,"column":3}},"290":{"start":{"line":630,"column":2},"end":{"line":648,"column":3}},"291":{"start":{"line":631,"column":4},"end":{"line":631,"column":65}},"292":{"start":{"line":634,"column":17},"end":{"line":634,"column":72}},"293":{"start":{"line":636,"column":4},"end":{"line":638,"column":5}},"294":{"start":{"line":637,"column":6},"end":{"line":637,"column":74}},"295":{"start":{"line":640,"column":4},"end":{"line":640,"column":53}},"296":{"start":{"line":644,"column":4},"end":{"line":644,"column":19}},"297":{"start":{"line":646,"column":4},"end":{"line":646,"column":63}},"298":{"start":{"line":647,"column":4},"end":{"line":647,"column":60}},"299":{"start":{"line":651,"column":0},"end":{"line":671,"column":3}},"300":{"start":{"line":652,"column":2},"end":{"line":670,"column":3}},"301":{"start":{"line":653,"column":4},"end":{"line":655,"column":5}},"302":{"start":{"line":654,"column":6},"end":{"line":654,"column":80}},"303":{"start":{"line":657,"column":21},"end":{"line":657,"column":57}},"304":{"start":{"line":659,"column":4},"end":{"line":661,"column":5}},"305":{"start":{"line":660,"column":6},"end":{"line":660,"column":74}},"306":{"start":{"line":663,"column":26},"end":{"line":663,"column":79}},"307":{"start":{"line":665,"column":4},"end":{"line":665,"column":87}},"308":{"start":{"line":668,"column":4},"end":{"line":668,"column":58}},"309":{"start":{"line":669,"column":4},"end":{"line":669,"column":60}},"310":{"start":{"line":673,"column":0},"end":{"line":676,"column":1}},"311":{"start":{"line":674,"column":15},"end":{"line":674,"column":19}},"312":{"start":{"line":675,"column":2},"end":{"line":675,"column":84}},"313":{"start":{"line":675,"column":25},"end":{"line":675,"column":82}},"314":{"start":{"line":678,"column":0},"end":{"line":678,"column":25}}},"fnMap":{"0":{"name":"(anonymous_0)","decl":{"start":{"line":21,"column":7},"end":{"line":21,"column":8}},"loc":{"start":{"line":21,"column":13},"end":{"line":26,"column":1}},"line":21},"1":{"name":"(anonymous_1)","decl":{"start":{"line":26,"column":9},"end":{"line":26,"column":10}},"loc":{"start":{"line":26,"column":20},"end":{"line":28,"column":1}},"line":26},"2":{"name":"(anonymous_2)","decl":{"start":{"line":47,"column":22},"end":{"line":47,"column":23}},"loc":{"start":{"line":47,"column":48},"end":{"line":81,"column":1}},"line":47},"3":{"name":"(anonymous_3)","decl":{"start":{"line":83,"column":39},"end":{"line":83,"column":40}},"loc":{"start":{"line":83,"column":53},"end":{"line":85,"column":1}},"line":83},"4":{"name":"(anonymous_4)","decl":{"start":{"line":91,"column":36},"end":{"line":91,"column":37}},"loc":{"start":{"line":91,"column":56},"end":{"line":107,"column":1}},"line":91},"5":{"name":"(anonymous_5)","decl":{"start":{"line":109,"column":44},"end":{"line":109,"column":45}},"loc":{"start":{"line":109,"column":64},"end":{"line":119,"column":1}},"line":109},"6":{"name":"(anonymous_6)","decl":{"start":{"line":116,"column":36},"end":{"line":116,"column":37}},"loc":{"start":{"line":116,"column":45},"end":{"line":116,"column":66}},"line":116},"7":{"name":"(anonymous_7)","decl":{"start":{"line":121,"column":50},"end":{"line":121,"column":51}},"loc":{"start":{"line":121,"column":70},"end":{"line":128,"column":1}},"line":121},"8":{"name":"(anonymous_8)","decl":{"start":{"line":130,"column":52},"end":{"line":130,"column":53}},"loc":{"start":{"line":130,"column":72},"end":{"line":149,"column":1}},"line":130},"9":{"name":"(anonymous_9)","decl":{"start":{"line":142,"column":39},"end":{"line":142,"column":40}},"loc":{"start":{"line":142,"column":55},"end":{"line":142,"column":79}},"line":142},"10":{"name":"(anonymous_10)","decl":{"start":{"line":151,"column":22},"end":{"line":151,"column":23}},"loc":{"start":{"line":151,"column":42},"end":{"line":180,"column":1}},"line":151},"11":{"name":"(anonymous_11)","decl":{"start":{"line":182,"column":19},"end":{"line":182,"column":20}},"loc":{"start":{"line":182,"column":39},"end":{"line":211,"column":1}},"line":182},"12":{"name":"(anonymous_12)","decl":{"start":{"line":214,"column":23},"end":{"line":214,"column":24}},"loc":{"start":{"line":214,"column":37},"end":{"line":217,"column":1}},"line":214},"13":{"name":"(anonymous_13)","decl":{"start":{"line":218,"column":42},"end":{"line":218,"column":43}},"loc":{"start":{"line":218,"column":62},"end":{"line":246,"column":1}},"line":218},"14":{"name":"(anonymous_14)","decl":{"start":{"line":253,"column":12},"end":{"line":253,"column":13}},"loc":{"start":{"line":253,"column":31},"end":{"line":259,"column":3}},"line":253},"15":{"name":"(anonymous_15)","decl":{"start":{"line":264,"column":74},"end":{"line":264,"column":75}},"loc":{"start":{"line":264,"column":94},"end":{"line":289,"column":1}},"line":264},"16":{"name":"(anonymous_16)","decl":{"start":{"line":298,"column":21},"end":{"line":298,"column":22}},"loc":{"start":{"line":298,"column":41},"end":{"line":321,"column":1}},"line":298},"17":{"name":"(anonymous_17)","decl":{"start":{"line":325,"column":20},"end":{"line":325,"column":21}},"loc":{"start":{"line":325,"column":34},"end":{"line":327,"column":1}},"line":325},"18":{"name":"(anonymous_18)","decl":{"start":{"line":334,"column":36},"end":{"line":334,"column":37}},"loc":{"start":{"line":334,"column":56},"end":{"line":373,"column":1}},"line":334},"19":{"name":"(anonymous_19)","decl":{"start":{"line":366,"column":36},"end":{"line":366,"column":37}},"loc":{"start":{"line":366,"column":47},"end":{"line":372,"column":3}},"line":366},"20":{"name":"(anonymous_20)","decl":{"start":{"line":377,"column":28},"end":{"line":377,"column":29}},"loc":{"start":{"line":377,"column":48},"end":{"line":422,"column":1}},"line":377},"21":{"name":"(anonymous_21)","decl":{"start":{"line":427,"column":27},"end":{"line":427,"column":28}},"loc":{"start":{"line":427,"column":41},"end":{"line":438,"column":1}},"line":427},"22":{"name":"provjeriNastavnika","decl":{"start":{"line":441,"column":9},"end":{"line":441,"column":27}},"loc":{"start":{"line":441,"column":44},"end":{"line":446,"column":1}},"line":441},"23":{"name":"(anonymous_23)","decl":{"start":{"line":467,"column":31},"end":{"line":467,"column":32}},"loc":{"start":{"line":467,"column":45},"end":{"line":481,"column":1}},"line":467},"24":{"name":"(anonymous_24)","decl":{"start":{"line":485,"column":64},"end":{"line":485,"column":65}},"loc":{"start":{"line":485,"column":78},"end":{"line":495,"column":1}},"line":485},"25":{"name":"(anonymous_25)","decl":{"start":{"line":498,"column":48},"end":{"line":498,"column":49}},"loc":{"start":{"line":498,"column":62},"end":{"line":517,"column":1}},"line":498},"26":{"name":"(anonymous_26)","decl":{"start":{"line":519,"column":56},"end":{"line":519,"column":57}},"loc":{"start":{"line":519,"column":76},"end":{"line":551,"column":1}},"line":519},"27":{"name":"(anonymous_27)","decl":{"start":{"line":534,"column":19},"end":{"line":534,"column":20}},"loc":{"start":{"line":534,"column":35},"end":{"line":542,"column":5}},"line":534},"28":{"name":"(anonymous_28)","decl":{"start":{"line":536,"column":47},"end":{"line":536,"column":48}},"loc":{"start":{"line":536,"column":59},"end":{"line":536,"column":72}},"line":536},"29":{"name":"(anonymous_29)","decl":{"start":{"line":553,"column":57},"end":{"line":553,"column":58}},"loc":{"start":{"line":553,"column":77},"end":{"line":568,"column":1}},"line":553},"30":{"name":"(anonymous_30)","decl":{"start":{"line":570,"column":78},"end":{"line":570,"column":79}},"loc":{"start":{"line":570,"column":98},"end":{"line":603,"column":1}},"line":570},"31":{"name":"(anonymous_31)","decl":{"start":{"line":604,"column":87},"end":{"line":604,"column":88}},"loc":{"start":{"line":604,"column":107},"end":{"line":627,"column":1}},"line":604},"32":{"name":"(anonymous_32)","decl":{"start":{"line":629,"column":40},"end":{"line":629,"column":41}},"loc":{"start":{"line":629,"column":60},"end":{"line":649,"column":1}},"line":629},"33":{"name":"(anonymous_33)","decl":{"start":{"line":651,"column":42},"end":{"line":651,"column":43}},"loc":{"start":{"line":651,"column":62},"end":{"line":671,"column":1}},"line":651},"34":{"name":"(anonymous_34)","decl":{"start":{"line":675,"column":19},"end":{"line":675,"column":20}},"loc":{"start":{"line":675,"column":25},"end":{"line":675,"column":82}},"line":675}},"branchMap":{"0":{"loc":{"start":{"line":50,"column":2},"end":{"line":53,"column":3}},"type":"if","locations":[{"start":{"line":50,"column":2},"end":{"line":53,"column":3}},{"start":{},"end":{}}],"line":50},"1":{"loc":{"start":{"line":57,"column":2},"end":{"line":60,"column":3}},"type":"if","locations":[{"start":{"line":57,"column":2},"end":{"line":60,"column":3}},{"start":{},"end":{}}],"line":57},"2":{"loc":{"start":{"line":67,"column":4},"end":{"line":69,"column":5}},"type":"if","locations":[{"start":{"line":67,"column":4},"end":{"line":69,"column":5}},{"start":{},"end":{}}],"line":67},"3":{"loc":{"start":{"line":97,"column":4},"end":{"line":101,"column":5}},"type":"if","locations":[{"start":{"line":97,"column":4},"end":{"line":101,"column":5}},{"start":{"line":99,"column":11},"end":{"line":101,"column":5}}],"line":97},"4":{"loc":{"start":{"line":110,"column":2},"end":{"line":112,"column":3}},"type":"if","locations":[{"start":{"line":110,"column":2},"end":{"line":112,"column":3}},{"start":{},"end":{}}],"line":110},"5":{"loc":{"start":{"line":122,"column":2},"end":{"line":124,"column":3}},"type":"if","locations":[{"start":{"line":122,"column":2},"end":{"line":124,"column":3}},{"start":{},"end":{}}],"line":122},"6":{"loc":{"start":{"line":137,"column":4},"end":{"line":139,"column":5}},"type":"if","locations":[{"start":{"line":137,"column":4},"end":{"line":139,"column":5}},{"start":{},"end":{}}],"line":137},"7":{"loc":{"start":{"line":142,"column":62},"end":{"line":142,"column":78}},"type":"binary-expr","locations":[{"start":{"line":142,"column":62},"end":{"line":142,"column":73}},{"start":{"line":142,"column":77},"end":{"line":142,"column":78}}],"line":142},"8":{"loc":{"start":{"line":157,"column":4},"end":{"line":159,"column":5}},"type":"if","locations":[{"start":{"line":157,"column":4},"end":{"line":159,"column":5}},{"start":{},"end":{}}],"line":157},"9":{"loc":{"start":{"line":162,"column":21},"end":{"line":162,"column":38}},"type":"binary-expr","locations":[{"start":{"line":162,"column":21},"end":{"line":162,"column":25}},{"start":{"line":162,"column":29},"end":{"line":162,"column":38}}],"line":162},"10":{"loc":{"start":{"line":189,"column":4},"end":{"line":191,"column":5}},"type":"if","locations":[{"start":{"line":189,"column":4},"end":{"line":191,"column":5}},{"start":{},"end":{}}],"line":189},"11":{"loc":{"start":{"line":194,"column":4},"end":{"line":196,"column":5}},"type":"if","locations":[{"start":{"line":194,"column":4},"end":{"line":196,"column":5}},{"start":{},"end":{}}],"line":194},"12":{"loc":{"start":{"line":229,"column":4},"end":{"line":231,"column":5}},"type":"if","locations":[{"start":{"line":229,"column":4},"end":{"line":231,"column":5}},{"start":{},"end":{}}],"line":229},"13":{"loc":{"start":{"line":254,"column":4},"end":{"line":256,"column":5}},"type":"if","locations":[{"start":{"line":254,"column":4},"end":{"line":256,"column":5}},{"start":{},"end":{}}],"line":254},"14":{"loc":{"start":{"line":254,"column":8},"end":{"line":254,"column":47}},"type":"binary-expr","locations":[{"start":{"line":254,"column":8},"end":{"line":254,"column":21}},{"start":{"line":254,"column":25},"end":{"line":254,"column":47}}],"line":254},"15":{"loc":{"start":{"line":269,"column":4},"end":{"line":271,"column":5}},"type":"if","locations":[{"start":{"line":269,"column":4},"end":{"line":271,"column":5}},{"start":{},"end":{}}],"line":269},"16":{"loc":{"start":{"line":279,"column":4},"end":{"line":281,"column":5}},"type":"if","locations":[{"start":{"line":279,"column":4},"end":{"line":281,"column":5}},{"start":{},"end":{}}],"line":279},"17":{"loc":{"start":{"line":338,"column":2},"end":{"line":340,"column":3}},"type":"if","locations":[{"start":{"line":338,"column":2},"end":{"line":340,"column":3}},{"start":{},"end":{}}],"line":338},"18":{"loc":{"start":{"line":367,"column":4},"end":{"line":370,"column":5}},"type":"if","locations":[{"start":{"line":367,"column":4},"end":{"line":370,"column":5}},{"start":{},"end":{}}],"line":367},"19":{"loc":{"start":{"line":382,"column":2},"end":{"line":384,"column":3}},"type":"if","locations":[{"start":{"line":382,"column":2},"end":{"line":384,"column":3}},{"start":{},"end":{}}],"line":382},"20":{"loc":{"start":{"line":387,"column":2},"end":{"line":389,"column":3}},"type":"if","locations":[{"start":{"line":387,"column":2},"end":{"line":389,"column":3}},{"start":{},"end":{}}],"line":387},"21":{"loc":{"start":{"line":391,"column":2},"end":{"line":393,"column":3}},"type":"if","locations":[{"start":{"line":391,"column":2},"end":{"line":393,"column":3}},{"start":{},"end":{}}],"line":391},"22":{"loc":{"start":{"line":407,"column":4},"end":{"line":409,"column":5}},"type":"if","locations":[{"start":{"line":407,"column":4},"end":{"line":409,"column":5}},{"start":{},"end":{}}],"line":407},"23":{"loc":{"start":{"line":432,"column":2},"end":{"line":434,"column":3}},"type":"if","locations":[{"start":{"line":432,"column":2},"end":{"line":434,"column":3}},{"start":{},"end":{}}],"line":432},"24":{"loc":{"start":{"line":442,"column":2},"end":{"line":444,"column":3}},"type":"if","locations":[{"start":{"line":442,"column":2},"end":{"line":444,"column":3}},{"start":{},"end":{}}],"line":442},"25":{"loc":{"start":{"line":470,"column":2},"end":{"line":472,"column":3}},"type":"if","locations":[{"start":{"line":470,"column":2},"end":{"line":472,"column":3}},{"start":{},"end":{}}],"line":470},"26":{"loc":{"start":{"line":470,"column":6},"end":{"line":470,"column":64}},"type":"binary-expr","locations":[{"start":{"line":470,"column":6},"end":{"line":470,"column":28}},{"start":{"line":470,"column":32},"end":{"line":470,"column":64}}],"line":470},"27":{"loc":{"start":{"line":475,"column":2},"end":{"line":477,"column":3}},"type":"if","locations":[{"start":{"line":475,"column":2},"end":{"line":477,"column":3}},{"start":{},"end":{}}],"line":475},"28":{"loc":{"start":{"line":489,"column":2},"end":{"line":491,"column":3}},"type":"if","locations":[{"start":{"line":489,"column":2},"end":{"line":491,"column":3}},{"start":{},"end":{}}],"line":489},"29":{"loc":{"start":{"line":489,"column":6},"end":{"line":489,"column":64}},"type":"binary-expr","locations":[{"start":{"line":489,"column":6},"end":{"line":489,"column":28}},{"start":{"line":489,"column":32},"end":{"line":489,"column":64}}],"line":489},"30":{"loc":{"start":{"line":501,"column":2},"end":{"line":503,"column":3}},"type":"if","locations":[{"start":{"line":501,"column":2},"end":{"line":503,"column":3}},{"start":{},"end":{}}],"line":501},"31":{"loc":{"start":{"line":501,"column":6},"end":{"line":501,"column":64}},"type":"binary-expr","locations":[{"start":{"line":501,"column":6},"end":{"line":501,"column":28}},{"start":{"line":501,"column":32},"end":{"line":501,"column":64}}],"line":501},"32":{"loc":{"start":{"line":506,"column":2},"end":{"line":508,"column":3}},"type":"if","locations":[{"start":{"line":506,"column":2},"end":{"line":508,"column":3}},{"start":{},"end":{}}],"line":506},"33":{"loc":{"start":{"line":511,"column":2},"end":{"line":516,"column":3}},"type":"if","locations":[{"start":{"line":511,"column":2},"end":{"line":516,"column":3}},{"start":{"line":514,"column":9},"end":{"line":516,"column":3}}],"line":511},"34":{"loc":{"start":{"line":511,"column":6},"end":{"line":511,"column":54}},"type":"binary-expr","locations":[{"start":{"line":511,"column":6},"end":{"line":511,"column":20}},{"start":{"line":511,"column":24},"end":{"line":511,"column":54}}],"line":511},"35":{"loc":{"start":{"line":528,"column":4},"end":{"line":530,"column":5}},"type":"if","locations":[{"start":{"line":528,"column":4},"end":{"line":530,"column":5}},{"start":{},"end":{}}],"line":528},"36":{"loc":{"start":{"line":528,"column":8},"end":{"line":528,"column":38}},"type":"binary-expr","locations":[{"start":{"line":528,"column":8},"end":{"line":528,"column":15}},{"start":{"line":528,"column":19},"end":{"line":528,"column":38}}],"line":528},"37":{"loc":{"start":{"line":535,"column":6},"end":{"line":541,"column":7}},"type":"if","locations":[{"start":{"line":535,"column":6},"end":{"line":541,"column":7}},{"start":{"line":539,"column":13},"end":{"line":541,"column":7}}],"line":535},"38":{"loc":{"start":{"line":559,"column":4},"end":{"line":561,"column":5}},"type":"if","locations":[{"start":{"line":559,"column":4},"end":{"line":561,"column":5}},{"start":{},"end":{}}],"line":559},"39":{"loc":{"start":{"line":574,"column":2},"end":{"line":576,"column":3}},"type":"if","locations":[{"start":{"line":574,"column":2},"end":{"line":576,"column":3}},{"start":{},"end":{}}],"line":574},"40":{"loc":{"start":{"line":574,"column":6},"end":{"line":574,"column":39}},"type":"binary-expr","locations":[{"start":{"line":574,"column":6},"end":{"line":574,"column":13}},{"start":{"line":574,"column":17},"end":{"line":574,"column":39}}],"line":574},"41":{"loc":{"start":{"line":581,"column":4},"end":{"line":596,"column":5}},"type":"if","locations":[{"start":{"line":581,"column":4},"end":{"line":596,"column":5}},{"start":{"line":591,"column":11},"end":{"line":596,"column":5}}],"line":581},"42":{"loc":{"start":{"line":610,"column":4},"end":{"line":612,"column":5}},"type":"if","locations":[{"start":{"line":610,"column":4},"end":{"line":612,"column":5}},{"start":{},"end":{}}],"line":610},"43":{"loc":{"start":{"line":610,"column":8},"end":{"line":610,"column":54}},"type":"binary-expr","locations":[{"start":{"line":610,"column":8},"end":{"line":610,"column":22}},{"start":{"line":610,"column":26},"end":{"line":610,"column":54}}],"line":610},"44":{"loc":{"start":{"line":616,"column":4},"end":{"line":622,"column":5}},"type":"if","locations":[{"start":{"line":616,"column":4},"end":{"line":622,"column":5}},{"start":{"line":620,"column":11},"end":{"line":622,"column":5}}],"line":616},"45":{"loc":{"start":{"line":616,"column":8},"end":{"line":616,"column":65}},"type":"binary-expr","locations":[{"start":{"line":616,"column":8},"end":{"line":616,"column":22}},{"start":{"line":616,"column":26},"end":{"line":616,"column":65}}],"line":616},"46":{"loc":{"start":{"line":636,"column":4},"end":{"line":638,"column":5}},"type":"if","locations":[{"start":{"line":636,"column":4},"end":{"line":638,"column":5}},{"start":{},"end":{}}],"line":636},"47":{"loc":{"start":{"line":653,"column":4},"end":{"line":655,"column":5}},"type":"if","locations":[{"start":{"line":653,"column":4},"end":{"line":655,"column":5}},{"start":{},"end":{}}],"line":653},"48":{"loc":{"start":{"line":659,"column":4},"end":{"line":661,"column":5}},"type":"if","locations":[{"start":{"line":659,"column":4},"end":{"line":661,"column":5}},{"start":{},"end":{}}],"line":659},"49":{"loc":{"start":{"line":673,"column":0},"end":{"line":676,"column":1}},"type":"if","locations":[{"start":{"line":673,"column":0},"end":{"line":676,"column":1}},{"start":{},"end":{}}],"line":673}},"s":{"0":1,"1":1,"2":1,"3":1,"4":1,"5":1,"6":1,"7":1,"8":1,"9":1,"10":1,"11":1,"12":1,"13":1,"14":1,"15":0,"16":0,"17":0,"18":1,"19":1,"20":1,"21":1,"22":7,"23":7,"24":1,"25":1,"26":6,"27":6,"28":0,"29":0,"30":6,"31":6,"32":5,"33":5,"34":2,"35":3,"36":3,"37":3,"38":1,"39":1,"40":1,"41":1,"42":1,"43":1,"44":0,"45":0,"46":0,"47":0,"48":0,"49":0,"50":0,"51":0,"52":1,"53":0,"54":0,"55":0,"56":0,"57":0,"58":0,"59":0,"60":1,"61":0,"62":0,"63":0,"64":0,"65":1,"66":0,"67":0,"68":0,"69":0,"70":0,"71":0,"72":0,"73":0,"74":0,"75":0,"76":1,"77":2,"78":2,"79":2,"80":2,"81":1,"82":1,"83":1,"84":1,"85":1,"86":0,"87":0,"88":1,"89":3,"90":3,"91":3,"92":3,"93":1,"94":2,"95":1,"96":1,"97":1,"98":0,"99":0,"100":1,"101":1,"102":1,"103":1,"104":1,"105":1,"106":1,"107":1,"108":1,"109":0,"110":1,"111":1,"112":1,"113":1,"114":1,"115":1,"116":0,"117":0,"118":1,"119":1,"120":0,"121":0,"122":0,"123":0,"124":1,"125":1,"126":0,"127":0,"128":0,"129":0,"130":0,"131":0,"132":0,"133":0,"134":0,"135":0,"136":0,"137":1,"138":1,"139":1,"140":1,"141":1,"142":0,"143":0,"144":1,"145":1,"146":1,"147":1,"148":1,"149":0,"150":0,"151":0,"152":0,"153":0,"154":0,"155":0,"156":0,"157":0,"158":0,"159":0,"160":0,"161":0,"162":0,"163":0,"164":0,"165":0,"166":0,"167":1,"168":1,"169":2,"170":2,"171":2,"172":0,"173":2,"174":0,"175":2,"176":1,"177":1,"178":1,"179":1,"180":1,"181":1,"182":0,"183":1,"184":1,"185":1,"186":1,"187":0,"188":1,"189":1,"190":1,"191":1,"192":1,"193":0,"194":0,"195":0,"196":0,"197":0,"198":0,"199":0,"200":0,"201":1,"202":1,"203":2,"204":2,"205":1,"206":1,"207":1,"208":0,"209":1,"210":1,"211":0,"212":0,"213":0,"214":0,"215":0,"216":0,"217":1,"218":0,"219":0,"220":0,"221":0,"222":0,"223":0,"224":0,"225":0,"226":0,"227":0,"228":0,"229":1,"230":0,"231":0,"232":0,"233":0,"234":0,"235":0,"236":0,"237":0,"238":0,"239":0,"240":0,"241":0,"242":0,"243":0,"244":0,"245":0,"246":0,"247":0,"248":0,"249":1,"250":0,"251":0,"252":0,"253":0,"254":0,"255":0,"256":0,"257":0,"258":1,"259":0,"260":0,"261":0,"262":0,"263":0,"264":0,"265":0,"266":0,"267":0,"268":0,"269":0,"270":0,"271":0,"272":0,"273":0,"274":0,"275":1,"276":0,"277":0,"278":0,"279":0,"280":0,"281":0,"282":0,"283":0,"284":0,"285":0,"286":0,"287":0,"288":0,"289":1,"290":1,"291":1,"292":1,"293":1,"294":0,"295":1,"296":1,"297":0,"298":0,"299":1,"300":0,"301":0,"302":0,"303":0,"304":0,"305":0,"306":0,"307":0,"308":0,"309":0,"310":1,"311":0,"312":0,"313":0,"314":1},"f":{"0":0,"1":0,"2":7,"3":1,"4":0,"5":0,"6":0,"7":0,"8":0,"9":0,"10":2,"11":3,"12":1,"13":1,"14":0,"15":0,"16":1,"17":1,"18":0,"19":0,"20":2,"21":0,"22":0,"23":2,"24":0,"25":0,"26":0,"27":0,"28":0,"29":0,"30":0,"31":0,"32":1,"33":0,"34":0},"b":{"0":[1,6],"1":[0,6],"2":[2,3],"3":[0,0],"4":[0,0],"5":[0,0],"6":[0,0],"7":[0,0],"8":[1,1],"9":[1,0],"10":[1,2],"11":[1,1],"12":[0,1],"13":[0,0],"14":[0,0],"15":[0,0],"16":[0,0],"17":[0,0],"18":[0,0],"19":[0,2],"20":[0,2],"21":[1,1],"22":[0,1],"23":[0,0],"24":[0,0],"25":[1,1],"26":[2,1],"27":[0,1],"28":[0,0],"29":[0,0],"30":[0,0],"31":[0,0],"32":[0,0],"33":[0,0],"34":[0,0],"35":[0,0],"36":[0,0],"37":[0,0],"38":[0,0],"39":[0,0],"40":[0,0],"41":[0,0],"42":[0,0],"43":[0,0],"44":[0,0],"45":[0,0],"46":[0,1],"47":[0,0],"48":[0,0],"49":[0,1]},"_coverageSchema":"1a1c01bbd47fc00a2c39e90264f33305004495a9","hash":"418abfb08d0d803bf7f73bb4bc628cb7b8bfdaf9"}
,"C:\\Users\\Mate\\Desktop\\UPI_Projekt-2\\models\\Absence.js": {"path":"C:\\Users\\Mate\\Desktop\\UPI_Projekt-2\\models\\Absence.js","statementMap":{"0":{"start":{"line":1,"column":17},"end":{"line":1,"column":36}},"1":{"start":{"line":3,"column":22},"end":{"line":13,"column":2}},"2":{"start":{"line":15,"column":0},"end":{"line":15,"column":58}}},"fnMap":{},"branchMap":{},"s":{"0":1,"1":1,"2":1},"f":{},"b":{},"_coverageSchema":"1a1c01bbd47fc00a2c39e90264f33305004495a9","hash":"3659ccf9e82508c6539424d4eecea07691c5c1e0"}
,"C:\\Users\\Mate\\Desktop\\UPI_Projekt-2\\models\\Grade.js": {"path":"C:\\Users\\Mate\\Desktop\\UPI_Projekt-2\\models\\Grade.js","statementMap":{"0":{"start":{"line":1,"column":17},"end":{"line":1,"column":36}},"1":{"start":{"line":3,"column":20},"end":{"line":13,"column":2}},"2":{"start":{"line":15,"column":0},"end":{"line":15,"column":54}}},"fnMap":{},"branchMap":{},"s":{"0":1,"1":1,"2":1},"f":{},"b":{},"_coverageSchema":"1a1c01bbd47fc00a2c39e90264f33305004495a9","hash":"3094bb0cf0e30a52e88d229bce1086e637492e5a"}
}
