TN:
SF:server.js
FN:21,(anonymous_0)
FN:26,(anonymous_1)
FN:47,(anonymous_2)
FN:83,(anonymous_3)
FN:91,(anonymous_4)
FN:109,(anonymous_5)
FN:116,(anonymous_6)
FN:121,(anonymous_7)
FN:130,(anonymous_8)
FN:142,(anonymous_9)
FN:151,(anonymous_10)
FN:182,(anonymous_11)
FN:214,(anonymous_12)
FN:218,(anonymous_13)
FN:253,(anonymous_14)
FN:264,(anonymous_15)
FN:298,(anonymous_16)
FN:325,(anonymous_17)
FN:334,(anonymous_18)
FN:366,(anonymous_19)
FN:377,(anonymous_20)
FN:427,(anonymous_21)
FN:441,provjeriNastavnika
FN:467,(anonymous_23)
FN:485,(anonymous_24)
FN:498,(anonymous_25)
FN:519,(anonymous_26)
FN:534,(anonymous_27)
FN:536,(anonymous_28)
FN:553,(anonymous_29)
FN:570,(anonymous_30)
FN:604,(anonymous_31)
FN:629,(anonymous_32)
FN:651,(anonymous_33)
FN:675,(anonymous_34)
FNF:35
FNH:10
FNDA:0,(anonymous_0)
FNDA:0,(anonymous_1)
FNDA:7,(anonymous_2)
FNDA:1,(anonymous_3)
FNDA:0,(anonymous_4)
FNDA:0,(anonymous_5)
FNDA:0,(anonymous_6)
FNDA:0,(anonymous_7)
FNDA:0,(anonymous_8)
FNDA:0,(anonymous_9)
FNDA:2,(anonymous_10)
FNDA:3,(anonymous_11)
FNDA:1,(anonymous_12)
FNDA:1,(anonymous_13)
FNDA:0,(anonymous_14)
FNDA:0,(anonymous_15)
FNDA:1,(anonymous_16)
FNDA:1,(anonymous_17)
FNDA:0,(anonymous_18)
FNDA:0,(anonymous_19)
FNDA:0,(anonymous_20)
FNDA:0,(anonymous_21)
FNDA:0,provjeriNastavnika
FNDA:2,(anonymous_23)
FNDA:0,(anonymous_24)
FNDA:0,(anonymous_25)
FNDA:0,(anonymous_26)
FNDA:0,(anonymous_27)
FNDA:0,(anonymous_28)
FNDA:0,(anonymous_29)
FNDA:0,(anonymous_30)
FNDA:0,(anonymous_31)
FNDA:1,(anonymous_32)
FNDA:0,(anonymous_33)
FNDA:0,(anonymous_34)
DA:1,1
DA:2,1
DA:3,1
DA:4,1
DA:5,1
DA:6,1
DA:7,1
DA:8,1
DA:10,1
DA:11,1
DA:12,1
DA:13,1
DA:14,1
DA:15,1
DA:20,1
DA:22,0
DA:24,0
DA:27,0
DA:32,1
DA:42,1
DA:43,1
DA:47,1
DA:48,7
DA:50,7
DA:51,1
DA:52,1
DA:55,6
DA:57,6
DA:58,0
DA:59,0
DA:62,6
DA:63,6
DA:65,5
DA:67,5
DA:68,2
DA:71,3
DA:74,3
DA:75,3
DA:77,1
DA:78,1
DA:83,1
DA:84,1
DA:88,1
DA:91,1
DA:92,0
DA:93,0
DA:94,0
DA:97,0
DA:98,0
DA:100,0
DA:103,0
DA:105,0
DA:109,1
DA:110,0
DA:111,0
DA:114,0
DA:115,0
DA:116,0
DA:118,0
DA:121,1
DA:122,0
DA:123,0
DA:126,0
DA:127,0
DA:130,1
DA:131,0
DA:133,0
DA:135,0
DA:137,0
DA:138,0
DA:142,0
DA:144,0
DA:146,0
DA:147,0
DA:151,1
DA:152,2
DA:153,2
DA:156,2
DA:157,2
DA:158,1
DA:162,1
DA:165,1
DA:173,1
DA:174,1
DA:177,0
DA:178,0
DA:182,1
DA:183,3
DA:185,3
DA:187,3
DA:189,3
DA:190,1
DA:194,2
DA:195,1
DA:199,1
DA:205,1
DA:208,0
DA:209,0
DA:214,1
DA:216,1
DA:218,1
DA:219,1
DA:220,1
DA:223,1
DA:224,1
DA:227,1
DA:229,1
DA:230,0
DA:234,1
DA:235,1
DA:236,1
DA:237,1
DA:239,1
DA:240,1
DA:243,0
DA:244,0
DA:248,1
DA:251,1
DA:254,0
DA:255,0
DA:257,0
DA:258,0
DA:262,1
DA:264,1
DA:265,0
DA:266,0
DA:268,0
DA:269,0
DA:270,0
DA:273,0
DA:279,0
DA:280,0
DA:283,0
DA:286,0
DA:287,0
DA:293,1
DA:298,1
DA:299,1
DA:300,1
DA:316,1
DA:318,0
DA:319,0
DA:325,1
DA:326,1
DA:330,1
DA:331,1
DA:334,1
DA:335,0
DA:337,0
DA:338,0
DA:339,0
DA:342,0
DA:343,0
DA:344,0
DA:345,0
DA:346,0
DA:348,0
DA:349,0
DA:351,0
DA:359,0
DA:366,0
DA:367,0
DA:368,0
DA:369,0
DA:371,0
DA:375,1
DA:377,1
DA:378,0
DA:380,0
DA:382,0
DA:383,0
DA:387,0
DA:388,0
DA:391,0
DA:392,0
DA:396,0
DA:397,0
DA:398,0
DA:400,0
DA:407,0
DA:408,0
DA:412,0
DA:413,0
DA:414,0
DA:415,0
DA:417,0
DA:419,0
DA:420,0
DA:424,1
DA:425,1
DA:427,1
DA:428,0
DA:429,0
DA:432,0
DA:433,0
DA:435,0
DA:442,0
DA:443,0
DA:445,0
DA:449,1
DA:467,1
DA:468,2
DA:470,2
DA:471,1
DA:473,1
DA:475,1
DA:476,0
DA:479,1
DA:485,1
DA:486,0
DA:487,0
DA:489,0
DA:490,0
DA:493,0
DA:494,0
DA:498,1
DA:499,0
DA:501,0
DA:502,0
DA:505,0
DA:506,0
DA:507,0
DA:509,0
DA:511,0
DA:512,0
DA:513,0
DA:515,0
DA:519,1
DA:520,0
DA:522,0
DA:523,0
DA:525,0
DA:526,0
DA:528,0
DA:529,0
DA:532,0
DA:534,0
DA:535,0
DA:536,0
DA:537,0
DA:538,0
DA:540,0
DA:544,0
DA:546,0
DA:548,0
DA:549,0
DA:553,1
DA:554,0
DA:556,0
DA:557,0
DA:559,0
DA:560,0
DA:563,0
DA:565,0
DA:566,0
DA:570,1
DA:571,0
DA:572,0
DA:574,0
DA:575,0
DA:578,0
DA:579,0
DA:581,0
DA:583,0
DA:589,0
DA:590,0
DA:593,0
DA:594,0
DA:595,0
DA:598,0
DA:600,0
DA:601,0
DA:604,1
DA:605,0
DA:607,0
DA:608,0
DA:610,0
DA:611,0
DA:614,0
DA:616,0
DA:617,0
DA:618,0
DA:619,0
DA:621,0
DA:624,0
DA:625,0
DA:629,1
DA:630,1
DA:631,1
DA:634,1
DA:636,1
DA:637,0
DA:640,1
DA:644,1
DA:646,0
DA:647,0
DA:651,1
DA:652,0
DA:653,0
DA:654,0
DA:657,0
DA:659,0
DA:660,0
DA:663,0
DA:665,0
DA:668,0
DA:669,0
DA:673,1
DA:674,0
DA:675,0
DA:679,1
LF:311
LH:120
BRDA:50,0,0,1
BRDA:50,0,1,6
BRDA:57,1,0,0
BRDA:57,1,1,6
BRDA:67,2,0,2
BRDA:67,2,1,3
BRDA:97,3,0,0
BRDA:97,3,1,0
BRDA:110,4,0,0
BRDA:110,4,1,0
BRDA:122,5,0,0
BRDA:122,5,1,0
BRDA:137,6,0,0
BRDA:137,6,1,0
BRDA:142,7,0,0
BRDA:142,7,1,0
BRDA:157,8,0,1
BRDA:157,8,1,1
BRDA:162,9,0,1
BRDA:162,9,1,0
BRDA:189,10,0,1
BRDA:189,10,1,2
BRDA:194,11,0,1
BRDA:194,11,1,1
BRDA:229,12,0,0
BRDA:229,12,1,1
BRDA:254,13,0,0
BRDA:254,13,1,0
BRDA:254,14,0,0
BRDA:254,14,1,0
BRDA:269,15,0,0
BRDA:269,15,1,0
BRDA:279,16,0,0
BRDA:279,16,1,0
BRDA:338,17,0,0
BRDA:338,17,1,0
BRDA:367,18,0,0
BRDA:367,18,1,0
BRDA:382,19,0,0
BRDA:382,19,1,0
BRDA:387,20,0,0
BRDA:387,20,1,0
BRDA:391,21,0,0
BRDA:391,21,1,0
BRDA:407,22,0,0
BRDA:407,22,1,0
BRDA:432,23,0,0
BRDA:432,23,1,0
BRDA:442,24,0,0
BRDA:442,24,1,0
BRDA:470,25,0,1
BRDA:470,25,1,1
BRDA:470,26,0,2
BRDA:470,26,1,1
BRDA:475,27,0,0
BRDA:475,27,1,1
BRDA:489,28,0,0
BRDA:489,28,1,0
BRDA:489,29,0,0
BRDA:489,29,1,0
BRDA:501,30,0,0
BRDA:501,30,1,0
BRDA:501,31,0,0
BRDA:501,31,1,0
BRDA:506,32,0,0
BRDA:506,32,1,0
BRDA:511,33,0,0
BRDA:511,33,1,0
BRDA:511,34,0,0
BRDA:511,34,1,0
BRDA:528,35,0,0
BRDA:528,35,1,0
BRDA:528,36,0,0
BRDA:528,36,1,0
BRDA:535,37,0,0
BRDA:535,37,1,0
BRDA:559,38,0,0
BRDA:559,38,1,0
BRDA:574,39,0,0
BRDA:574,39,1,0
BRDA:574,40,0,0
BRDA:574,40,1,0
BRDA:581,41,0,0
BRDA:581,41,1,0
BRDA:610,42,0,0
BRDA:610,42,1,0
BRDA:610,43,0,0
BRDA:610,43,1,0
BRDA:616,44,0,0
BRDA:616,44,1,0
BRDA:616,45,0,0
BRDA:616,45,1,0
BRDA:636,46,0,0
BRDA:636,46,1,1
BRDA:653,47,0,0
BRDA:653,47,1,0
BRDA:659,48,0,0
BRDA:659,48,1,0
BRDA:673,49,0,0
BRDA:673,49,1,1
BRF:100
BRH:20
end_of_record
TN:
SF:models\Absence.js
FNF:0
FNH:0
DA:1,1
DA:3,1
DA:15,1
LF:3
LH:3
BRF:0
BRH:0
end_of_record
TN:
SF:models\Grade.js
FNF:0
FNH:0
DA:1,1
DA:3,1
DA:15,1
LF:3
LH:3
BRF:0
BRH:0
end_of_record
